# JRE version: OpenJDK Runtime Environment Temurin-17.0.6+10 (17.0.6+10) (build 17.0.6+10)
# Java VM: OpenJDK 64-Bit Server VM Temurin-17.0.6+10 (17.0.6+10, mixed mode, tiered, compressed oops, compressed class ptrs, g1 gc, windows-amd64)
GC Precious Log:
 CPUs: 8 total, 8 available
 Memory: 32487M
 Large Page Support: Disabled
 NUMA Support: Disabled
 Compressed Oops: Enabled (Zero based)
 Heap Region Size: 4M
 Heap Min Capacity: 8M
 Heap Initial Capacity: 508M
 Heap Max Capacity: 8124M
 Pre-touch: Disabled
 Parallel Workers: 8
 Concurrent Workers: 2
 Concurrent Refinement Workers: 8
 Periodic GC: Disabled
Heap:
 garbage-first heap   total 303104K, used 158090K [0x0000000604400000, 0x0000000800000000)
  region size 4096K, 32 young (131072K), 1 survivors (4096K)
 Metaspace       used 85936K, committed 86464K, reserved 1130496K
  class space    used 10806K, committed 11072K, reserved 1048576K
GC Heap History (20 events):
Event: 7204.236 GC heap before
{Heap before GC invocations=55 (full 0):
 garbage-first heap   total 303104K, used 211352K [0x0000000604400000, 0x0000000800000000)
  region size 4096K, 44 young (180224K), 1 survivors (4096K)
 Metaspace       used 85871K, committed 86464K, reserved 1130496K
  class space    used 10806K, committed 11072K, reserved 1048576K
}
Event: 7204.237 GC heap after
{Heap after GC invocations=56 (full 0):
 garbage-first heap   total 303104K, used 35210K [0x0000000604400000, 0x0000000800000000)
  region size 4096K, 1 young (4096K), 1 survivors (4096K)
 Metaspace       used 85871K, committed 86464K, reserved 1130496K
  class space    used 10806K, committed 11072K, reserved 1048576K
}
Event: 7207.347 GC heap before
{Heap before GC invocations=56 (full 0):
 garbage-first heap   total 303104K, used 211338K [0x0000000604400000, 0x0000000800000000)
  region size 4096K, 44 young (180224K), 1 survivors (4096K)
 Metaspace       used 85871K, committed 86464K, reserved 1130496K
  class space    used 10806K, committed 11072K, reserved 1048576K
}
Event: 7207.348 GC heap after
{Heap after GC invocations=57 (full 0):
 garbage-first heap   total 303104K, used 35206K [0x0000000604400000, 0x0000000800000000)
  region size 4096K, 1 young (4096K), 1 survivors (4096K)
 Metaspace       used 85871K, committed 86464K, reserved 1130496K
  class space    used 10806K, committed 11072K, reserved 1048576K
}
Event: 7210.682 GC heap before
{Heap before GC invocations=57 (full 0):
 garbage-first heap   total 303104K, used 211334K [0x0000000604400000, 0x0000000800000000)
  region size 4096K, 44 young (180224K), 1 survivors (4096K)
 Metaspace       used 85871K, committed 86464K, reserved 1130496K
  class space    used 10806K, committed 11072K, reserved 1048576K
}
Event: 7210.682 GC heap after
{Heap after GC invocations=58 (full 0):
 garbage-first heap   total 303104K, used 35224K [0x0000000604400000, 0x0000000800000000)
  region size 4096K, 1 young (4096K), 1 survivors (4096K)
 Metaspace       used 85871K, committed 86464K, reserved 1130496K
  class space    used 10806K, committed 11072K, reserved 1048576K
}
Event: 7214.396 GC heap before
{Heap before GC invocations=58 (full 0):
 garbage-first heap   total 303104K, used 211352K [0x0000000604400000, 0x0000000800000000)
  region size 4096K, 44 young (180224K), 1 survivors (4096K)
 Metaspace       used 85871K, committed 86464K, reserved 1130496K
  class space    used 10806K, committed 11072K, reserved 1048576K
}
Event: 7214.396 GC heap after
{Heap after GC invocations=59 (full 0):
 garbage-first heap   total 303104K, used 35213K [0x0000000604400000, 0x0000000800000000)
  region size 4096K, 1 young (4096K), 1 survivors (4096K)
 Metaspace       used 85871K, committed 86464K, reserved 1130496K
  class space    used 10806K, committed 11072K, reserved 1048576K
}
Event: 7218.106 GC heap before
{Heap before GC invocations=59 (full 0):
 garbage-first heap   total 303104K, used 211341K [0x0000000604400000, 0x0000000800000000)
  region size 4096K, 44 young (180224K), 1 survivors (4096K)
 Metaspace       used 85877K, committed 86464K, reserved 1130496K
  class space    used 10806K, committed 11072K, reserved 1048576K
}
Event: 7218.106 GC heap after
{Heap after GC invocations=60 (full 0):
 garbage-first heap   total 303104K, used 35223K [0x0000000604400000, 0x0000000800000000)
  region size 4096K, 1 young (4096K), 1 survivors (4096K)
 Metaspace       used 85877K, committed 86464K, reserved 1130496K
  class space    used 10806K, committed 11072K, reserved 1048576K
}
Event: 7221.438 GC heap before
{Heap before GC invocations=60 (full 0):
 garbage-first heap   total 303104K, used 211351K [0x0000000604400000, 0x0000000800000000)
  region size 4096K, 44 young (180224K), 1 survivors (4096K)
 Metaspace       used 85877K, committed 86464K, reserved 1130496K
  class space    used 10806K, committed 11072K, reserved 1048576K
}
Event: 7221.438 GC heap after
{Heap after GC invocations=61 (full 0):
 garbage-first heap   total 303104K, used 35215K [0x0000000604400000, 0x0000000800000000)
  region size 4096K, 1 young (4096K), 1 survivors (4096K)
 Metaspace       used 85877K, committed 86464K, reserved 1130496K
  class space    used 10806K, committed 11072K, reserved 1048576K
}
Event: 7225.257 GC heap before
{Heap before GC invocations=61 (full 0):
 garbage-first heap   total 303104K, used 211343K [0x0000000604400000, 0x0000000800000000)
  region size 4096K, 44 young (180224K), 1 survivors (4096K)
 Metaspace       used 85877K, committed 86464K, reserved 1130496K
  class space    used 10806K, committed 11072K, reserved 1048576K
}
Event: 7225.258 GC heap after
{Heap after GC invocations=62 (full 0):
 garbage-first heap   total 303104K, used 35217K [0x0000000604400000, 0x0000000800000000)
  region size 4096K, 1 young (4096K), 1 survivors (4096K)
 Metaspace       used 85877K, committed 86464K, reserved 1130496K
  class space    used 10806K, committed 11072K, reserved 1048576K
}
Event: 7228.756 GC heap before
{Heap before GC invocations=62 (full 0):
 garbage-first heap   total 303104K, used 211345K [0x0000000604400000, 0x0000000800000000)
  region size 4096K, 44 young (180224K), 1 survivors (4096K)
 Metaspace       used 85878K, committed 86464K, reserved 1130496K
  class space    used 10806K, committed 11072K, reserved 1048576K
}
Event: 7228.757 GC heap after
{Heap after GC invocations=63 (full 0):
 garbage-first heap   total 303104K, used 35205K [0x0000000604400000, 0x0000000800000000)
  region size 4096K, 1 young (4096K), 1 survivors (4096K)
 Metaspace       used 85878K, committed 86464K, reserved 1130496K
  class space    used 10806K, committed 11072K, reserved 1048576K
}
Event: 7465.719 GC heap before
{Heap before GC invocations=63 (full 0):
 garbage-first heap   total 303104K, used 211333K [0x0000000604400000, 0x0000000800000000)
  region size 4096K, 44 young (180224K), 1 survivors (4096K)
 Metaspace       used 85902K, committed 86464K, reserved 1130496K
  class space    used 10806K, committed 11072K, reserved 1048576K
}
Event: 7465.720 GC heap after
{Heap after GC invocations=64 (full 0):
 garbage-first heap   total 303104K, used 35213K [0x0000000604400000, 0x0000000800000000)
  region size 4096K, 1 young (4096K), 1 survivors (4096K)
 Metaspace       used 85902K, committed 86464K, reserved 1130496K
  class space    used 10806K, committed 11072K, reserved 1048576K
}
Event: 7495.115 GC heap before
{Heap before GC invocations=64 (full 0):
 garbage-first heap   total 303104K, used 211341K [0x0000000604400000, 0x0000000800000000)
  region size 4096K, 44 young (180224K), 1 survivors (4096K)
 Metaspace       used 85936K, committed 86464K, reserved 1130496K
  class space    used 10806K, committed 11072K, reserved 1048576K
}
Event: 7495.116 GC heap after
{Heap after GC invocations=65 (full 0):
 garbage-first heap   total 303104K, used 35210K [0x0000000604400000, 0x0000000800000000)
  region size 4096K, 1 young (4096K), 1 survivors (4096K)
 Metaspace       used 85936K, committed 86464K, reserved 1130496K
  class space    used 10806K, committed 11072K, reserved 1048576K
}

